<?xml version="1.0" encoding="UTF-8"?>
<testng-results ignored="0" total="2" passed="2" failed="0" skipped="0">
  <reporter-output>
  </reporter-output>
  <suite started-at="2025-06-05T23:55:54 IST" name="All Test Suite" finished-at="2025-06-05T23:55:54 IST" duration-ms="62">
    <groups>
      <group name="reg">
        <method signature="LoginTest.loginNaukriTest1()[pri:0, instance:com.qa.tests.LoginTest@78691363]" name="loginNaukriTest1" class="com.qa.tests.LoginTest"/>
      </group> <!-- reg -->
      <group name="smoke">
        <method signature="LoginTest.loginNaukriTest()[pri:0, instance:com.qa.tests.LoginTest@78691363]" name="loginNaukriTest" class="com.qa.tests.LoginTest"/>
      </group> <!-- smoke -->
    </groups>
    <test started-at="2025-06-05T23:55:54 IST" name="E:/uiAutomation/src/test" finished-at="2025-06-05T23:55:54 IST" duration-ms="62">
      <class name="com.qa.tests.LoginTest">
        <test-method is-config="true" signature="setUp()[pri:0, instance:com.qa.tests.LoginTest@78691363]" started-at="2025-06-05T23:55:49 IST" name="setUp" finished-at="2025-06-05T23:55:54 IST" duration-ms="4816" status="PASS">
          <reporter-output>
          </reporter-output>
        </test-method> <!-- setUp -->
        <test-method signature="loginNaukriTest()[pri:0, instance:com.qa.tests.LoginTest@78691363]" started-at="2025-06-05T23:55:54 IST" name="loginNaukriTest" finished-at="2025-06-05T23:55:54 IST" duration-ms="1" status="PASS">
          <reporter-output>
          </reporter-output>
        </test-method> <!-- loginNaukriTest -->
        <test-method signature="loginNaukriTest1()[pri:0, instance:com.qa.tests.LoginTest@78691363]" started-at="2025-06-05T23:55:54 IST" name="loginNaukriTest1" finished-at="2025-06-05T23:55:54 IST" duration-ms="0" status="PASS">
          <reporter-output>
          </reporter-output>
        </test-method> <!-- loginNaukriTest1 -->
        <test-method is-config="true" signature="tearDown()[pri:0, instance:com.qa.tests.LoginTest@78691363]" started-at="2025-06-05T23:55:54 IST" name="tearDown" finished-at="2025-06-05T23:55:54 IST" duration-ms="296" status="PASS">
          <reporter-output>
          </reporter-output>
        </test-method> <!-- tearDown -->
      </class> <!-- com.qa.tests.LoginTest -->
    </test> <!-- E:/uiAutomation/src/test -->
  </suite> <!-- All Test Suite -->
</testng-results>
